  World.cpp
c:\users\sappokys\desktop\ordner\uni\projekte\porzhorn\sdl2_engine\rect.h(24): warning C4244: "=": Konvertierung von "float" in "int", möglicher Datenverlust
c:\users\sappokys\desktop\ordner\uni\projekte\porzhorn\sdl2_engine\rect.h(25): warning C4244: "=": Konvertierung von "float" in "int", möglicher Datenverlust
c:\users\sappokys\desktop\ordner\uni\projekte\porzhorn\sdl2_engine\rect.h(26): warning C4244: "=": Konvertierung von "float" in "int", möglicher Datenverlust
c:\users\sappokys\desktop\ordner\uni\projekte\porzhorn\sdl2_engine\rect.h(27): warning C4244: "=": Konvertierung von "float" in "int", möglicher Datenverlust
c:\users\sappokys\desktop\ordner\uni\projekte\porzhorn\sdl2_engine\world.cpp(78): warning C4018: "<": Konflikt zwischen "signed" und "unsigned"
c:\users\sappokys\desktop\ordner\uni\projekte\porzhorn\sdl2_engine\world.cpp(95): warning C4018: "<": Konflikt zwischen "signed" und "unsigned"
c:\users\sappokys\desktop\ordner\uni\projekte\porzhorn\sdl2_engine\world.cpp(115): warning C4244: "=": Konvertierung von "float" in "int", möglicher Datenverlust
c:\users\sappokys\desktop\ordner\uni\projekte\porzhorn\sdl2_engine\world.cpp(119): warning C4244: "=": Konvertierung von "float" in "int", möglicher Datenverlust
c:\users\sappokys\desktop\ordner\uni\projekte\porzhorn\sdl2_engine\world.cpp(123): warning C4244: "=": Konvertierung von "float" in "int", möglicher Datenverlust
c:\users\sappokys\desktop\ordner\uni\projekte\porzhorn\sdl2_engine\world.cpp(128): warning C4244: "=": Konvertierung von "float" in "int", möglicher Datenverlust
c:\users\sappokys\desktop\ordner\uni\projekte\porzhorn\sdl2_engine\world.cpp(133): warning C4244: "=": Konvertierung von "float" in "int", möglicher Datenverlust
c:\users\sappokys\desktop\ordner\uni\projekte\porzhorn\sdl2_engine\world.cpp(137): warning C4244: "=": Konvertierung von "float" in "int", möglicher Datenverlust
c:\users\sappokys\desktop\ordner\uni\projekte\porzhorn\sdl2_engine\world.cpp(147): warning C4244: "=": Konvertierung von "float" in "int", möglicher Datenverlust
c:\users\sappokys\desktop\ordner\uni\projekte\porzhorn\sdl2_engine\world.cpp(152): warning C4244: "=": Konvertierung von "float" in "int", möglicher Datenverlust
c:\users\sappokys\desktop\ordner\uni\projekte\porzhorn\sdl2_engine\world.cpp(196): warning C4244: "Argument": Konvertierung von "int" in "float", möglicher Datenverlust
  SDL2_Engine.vcxproj -> C:\Users\SappoKys\Desktop\Ordner\Uni\Projekte\Porzhorn\Build\bin\x86\Debug\SDL2_Engine.exe
  C:\Users\SappoKys\Desktop\Ordner\Uni\Projekte\Porzhorn\Library\SDL2\lib\x86\SDL2.dll
  1 Datei(en) kopiert
  C:\Users\SappoKys\Desktop\Ordner\Uni\Projekte\Porzhorn\Library\SDL2_image\lib\x86\libjpeg-9.dll
  C:\Users\SappoKys\Desktop\Ordner\Uni\Projekte\Porzhorn\Library\SDL2_image\lib\x86\libpng16-16.dll
  C:\Users\SappoKys\Desktop\Ordner\Uni\Projekte\Porzhorn\Library\SDL2_image\lib\x86\libtiff-5.dll
  C:\Users\SappoKys\Desktop\Ordner\Uni\Projekte\Porzhorn\Library\SDL2_image\lib\x86\libwebp-7.dll
  C:\Users\SappoKys\Desktop\Ordner\Uni\Projekte\Porzhorn\Library\SDL2_image\lib\x86\SDL2_image.dll
  C:\Users\SappoKys\Desktop\Ordner\Uni\Projekte\Porzhorn\Library\SDL2_image\lib\x86\zlib1.dll
  6 Datei(en) kopiert
  C:\Users\SappoKys\Desktop\Ordner\Uni\Projekte\Porzhorn\Library\SDL2_ttf\lib\x86\libfreetype-6.dll
  C:\Users\SappoKys\Desktop\Ordner\Uni\Projekte\Porzhorn\Library\SDL2_ttf\lib\x86\SDL2_ttf.dll
  C:\Users\SappoKys\Desktop\Ordner\Uni\Projekte\Porzhorn\Library\SDL2_ttf\lib\x86\zlib1.dll
  3 Datei(en) kopiert
  C:\Users\SappoKys\Desktop\Ordner\Uni\Projekte\Porzhorn\Library\SDL2_mixer\lib\x86\libFLAC-8.dll
  C:\Users\SappoKys\Desktop\Ordner\Uni\Projekte\Porzhorn\Library\SDL2_mixer\lib\x86\libmodplug-1.dll
  C:\Users\SappoKys\Desktop\Ordner\Uni\Projekte\Porzhorn\Library\SDL2_mixer\lib\x86\libmpg123-0.dll
  C:\Users\SappoKys\Desktop\Ordner\Uni\Projekte\Porzhorn\Library\SDL2_mixer\lib\x86\libogg-0.dll
  C:\Users\SappoKys\Desktop\Ordner\Uni\Projekte\Porzhorn\Library\SDL2_mixer\lib\x86\libvorbis-0.dll
  C:\Users\SappoKys\Desktop\Ordner\Uni\Projekte\Porzhorn\Library\SDL2_mixer\lib\x86\libvorbisfile-3.dll
  C:\Users\SappoKys\Desktop\Ordner\Uni\Projekte\Porzhorn\Library\SDL2_mixer\lib\x86\SDL2_mixer.dll
  7 Datei(en) kopiert
