d:\porzhorn\sdl2_engine\debug\vc141.pdb
d:\porzhorn\sdl2_engine\debug\vc141.idb
d:\porzhorn\sdl2_engine\debug\player.obj
d:\porzhorn\sdl2_engine\debug\physic.obj
d:\porzhorn\sdl2_engine\debug\npc.obj
d:\porzhorn\sdl2_engine\debug\moveobject.obj
d:\porzhorn\sdl2_engine\debug\moveenemy.obj
d:\porzhorn\sdl2_engine\debug\mouse.obj
d:\porzhorn\sdl2_engine\debug\menuscene.obj
d:\porzhorn\sdl2_engine\debug\mainscene.obj
d:\porzhorn\sdl2_engine\debug\main.obj
d:\porzhorn\sdl2_engine\debug\input.obj
d:\porzhorn\sdl2_engine\debug\engine.obj
d:\porzhorn\sdl2_engine\debug\helper.obj
d:\porzhorn\sdl2_engine\debug\game.obj
d:\porzhorn\sdl2_engine\debug\font.obj
d:\porzhorn\sdl2_engine\debug\deathscene.obj
d:\porzhorn\sdl2_engine\debug\creditscene.obj
d:\porzhorn\sdl2_engine\debug\contentmanagement.obj
d:\porzhorn\sdl2_engine\debug\bullet.obj
d:\porzhorn\sdl2_engine\debug\bossbullet.obj
d:\porzhorn\sdl2_engine\debug\boss.obj
d:\porzhorn\sdl2_engine\debug\world.obj
d:\porzhorn\sdl2_engine\debug\winscene.obj
d:\porzhorn\sdl2_engine\debug\time.obj
d:\porzhorn\sdl2_engine\debug\texturedobject.obj
d:\porzhorn\sdl2_engine\debug\texture.obj
d:\porzhorn\sdl2_engine\debug\textfps.obj
d:\porzhorn\sdl2_engine\debug\text.obj
d:\porzhorn\sdl2_engine\debug\renderer.obj
d:\porzhorn\build\bin\x86\debug\sdl2_engine.exe
d:\porzhorn\build\bin\x86\debug\sdl2_engine.ilk
d:\porzhorn\build\bin\x86\debug\sdl2_engine.pdb
d:\porzhorn\sdl2_engine\debug\sdl2_engine.tlog\cl.command.1.tlog
d:\porzhorn\sdl2_engine\debug\sdl2_engine.tlog\cl.read.1.tlog
d:\porzhorn\sdl2_engine\debug\sdl2_engine.tlog\cl.write.1.tlog
d:\porzhorn\sdl2_engine\debug\sdl2_engine.tlog\link.command.1.tlog
d:\porzhorn\sdl2_engine\debug\sdl2_engine.tlog\link.read.1.tlog
d:\porzhorn\sdl2_engine\debug\sdl2_engine.tlog\link.write.1.tlog
